496379
384278
349653
410834
387222
347305
442755
368196
374351
206608
444334
387161
379166
360613
230363
177241
204849
346052
409034
387143
424626
355066
449897
321151
291747
254035
170952
276903
490185
364224
522748
674054
420074
419686
453249
399526
363383
278629
378909
396051
368641
372106
385144
366925
408967
423076
421575
471724
515531
603382
550975
355480
312350
304342
408850
766191
555718
394800
341103
296858
302759
394257
375046
618052
679726
774358
739088
793895
490647
430310
419555
393548
409358
458529
413691
290777
157788
328182
390714
376586
416947
313723
394763
459808
419596
380495
367164
279845
215984
368921
404486
383203
394986
348487
391874
300550
225451
164892
198153
144101
546527
393210
385661
358444
453623
1065419
681592
364692
317439
318226
372375
407620
324827
335837
438005
425310
506928
532765
372486
356500
426329
406132
405352
251818
395973
272663
406589
308848
303201
290890
269897
206418
218195
386861
329753
419226
431585
227392
353652
166099
235713
179045
254012
179837
210920
165902
264651
279201
266702
255813
282827
218264
216855
259642
195350
200104
134362
216483
245376
237726
293131
258185
149756
397641
258687
150597
332276
408460
412145
372425
421082
445724
480562
492674
447758
83145
