1413492
1043910
725396
857092
751602
579623
1050713
1161662
1033527
590265
1023226
740427
740554
669064
815643
662942
496243
742129
807635
740148
933161
1081311
1114209
1219749
1074256
688381
351272
504506
1343014
747268
850033
1213571
358350
377850
881279
804435
949132
889093
955240
973963
535184
720066
757680
690291
787055
791076
829479
889756
970659
1152237
1037203
710180
653133
646529
1027572
1479908
923935
715133
691280
573528
561273
843401
754778
1233983
1419259
1819712
1784421
1638309
906146
902549
863681
733801
851084
1041473
874531
543556
234225
640046
745985
706273
779007
606537
742222
1011146
843758
717842
886972
885204
306040
727567
788379
715093
740269
586624
828617
1006583
697807
399424
488241
339786
1445501
813678
761452
718908
1217755
2233724
1398872
842679
870593
895256
1046211
1193182
980205
1018541
1379542
928677
1047798
1160129
718813
652057
911310
861632
811610
558247
1020084
581719
928713
807532
818651
772539
742103
496788
529454
1102874
950119
946790
1025605
645289
864860
358720
636409
378747
656477
369063
481062
390960
636935
636948
579663
595290
815326
721224
678203
807546
856708
676839
249332
591844
753350
698731
890538
892337
563068
1147401
738829
586830
726792
875887
903461
808107
945993
1066039
1139367
1222499
1046129
209443
