387614
285286
214926
244750
206378
168682
292213
253353
254603
153987
294748
205150
201650
181754
180147
139577
131817
211691
224426
206031
253231
256980
294114
286814
250470
186493
92643
162439
397098
220979
261186
355458
107015
114735
260911
221828
241848
204244
270849
276000
155196
195256
205349
188206
220593
203080
218289
240007
264822
321225
290468
191358
171090
169995
281734
412389
252347
208479
194226
143483
139306
230548
205419
360514
415002
529911
505859
472042
272343
247946
234550
201059
234876
277944
240701
152436
61661
184525
206866
195032
216635
160834
215262
290769
228758
193378
221768
202966
82229
208445
215847
196676
205850
158581
217079
226946
166997
104848
125846
87525
410873
227261
211865
210707
313027
608655
400437
244185
234060
232997
277787
316244
250562
263235
358888
259146
311590
341408
193825
175425
258008
242105
225231
137347
269090
161467
255512
215593
225031
207296
192980
126299
133870
300153
254142
258594
275481
155891
231430
96800
169454
99299
174305
95238
128521
105194
182870
169282
151050
157105
206934
165616
157761
195985
178591
154792
64056
144138
178448
170526
228032
221559
138436
241004
189190
118882
194646
245403
241696
204177
250699
284569
314999
340715
279670
62174
