1578636
1308339
1041790
1284634
1235738
1043282
1389384
1336528
1357537
718771
1350727
1212615
1183470
1087018
828665
711648
735856
1084735
1307433
1161044
1341375
1235793
1576680
1138764
1084192
854200
692762
757018
1466165
1072481
1639065
2271833
1131510
1216163
1399247
1262846
1127406
1009624
1200771
1240744
1221627
1108523
1183899
1159610
1284677
1365308
1415072
1656731
1792802
2091687
1917457
1171631
957905
933203
1336446
2928701
2039516
1266541
1083059
1149349
1121106
1183451
1160980
2022453
2227346
2483683
2467761
2798473
1465543
1259958
1312927
1231288
1216846
1462624
1286071
935484
564939
1040148
1231863
1177833
1185164
1023331
1227166
1376555
1262034
1164262
1212430
922762
714347
1114037
1272643
1201483
1227404
1043358
1245763
1067829
795351
570491
710517
512666
1731803
1157764
1136742
1057477
1689031
3836974
2318142
1193910
1019868
1004196
1183130
1388276
1119816
1157458
1460928
1345523
1739807
1816014
1185600
1124915
1322114
1217799
1280073
813517
1297953
949148
1220637
1079470
1077759
1028300
943762
724044
793985
1358680
1204049
1338067
1313438
877196
1092389
561364
803953
594751
881577
673927
737944
653642
874400
915357
907241
869943
1022446
832489
830744
957810
793535
735441
465027
855776
962841
911238
1103365
980099
633559
1547034
946829
613044
1043116
1308831
1288526
1158414
1296776
1380127
1478664
1473290
1373125
251166
