886812
734524
640788
761801
714243
636869
810725
688042
710889
389468
813215
717410
705705
667017
424480
346179
399372
654951
757528
714575
788795
636949
868702
581437
542476
458849
353215
475662
879086
655251
1000632
1325041
785049
800289
841516
744055
657575
525508
685456
720925
729636
679121
709541
681838
761132
792338
797314
921285
1010059
1180752
1071163
681152
585974
571072
783098
1567321
1135278
739570
634583
602858
606611
717783
689210
1160197
1285573
1447280
1390595
1573982
907574
778847
772618
724721
749198
855081
764237
545002
320412
620841
729957
697684
762649
592910
730958
838999
772147
701354
683726
488764
396842
672944
754460
720512
732340
644724
723197
533566
415621
319850
383964
287778
993405
716594
708345
659384
926982
2133625
1311970
679899
585339
579043
679045
757063
613435
635977
820616
792481
988924
1040510
696650
667690
786245
741410
753078
472175
736976
521573
732554
605998
602995
573413
531237
410225
440908
748777
670011
770983
778188
469579
650615
322606
443799
346064
495459
365291
416747
344968
508238
529379
510591
498895
544107
418104
420982
500782
394018
380982
271686
440667
495372
475061
577262
512345
304831
770618
488991
295204
625828
748641
752839
679822
768234
811937
864827
887101
812679
150210
