198284
136098
115659
139282
128132
117256
148074
117065
117398
72301
152376
130699
129485
121672
82922
68707
69369
116621
137753
130152
143480
113377
141379
120009
109517
99822
55554
104915
182743
130784
154410
190943
123097
123075
149214
134634
128699
106529
138620
138897
108155
126532
131331
124496
128891
124839
128391
136887
142723
161443
151646
113307
105365
102626
139588
197050
140241
129238
113993
85912
84481
135169
129202
190636
210657
254497
244047
221670
158177
145787
138896
128717
138685
152760
141347
97175
51436
109565
131888
125801
136400
102812
129356
156146
141655
127101
125052
100369
75252
123737
133859
127244
130884
114919
127058
100007
77181
57280
70810
50989
190097
133796
131229
118781
131575
254467
194016
124145
114267
116381
135595
145784
116128
119485
154386
143400
154335
165448
123730
118561
146249
139321
135274
82532
135976
93809
145795
102096
100774
96588
90027
67480
69112
128987
106840
147373
152918
74552
123985
54628
77881
60928
88383
55592
68850
52255
88575
96915
90762
87755
94675
72590
71149
85698
69918
69169
42350
67596
78062
75832
93901
85807
50233
114161
83684
53784
100425
125765
144075
130776
148058
160401
173471
179417
161358
29716
