709358
539447
382974
450892
386021
304686
544417
525521
488136
291213
540076
381950
382973
344724
371246
289623
249064
388380
419048
383625
481137
501127
555683
584207
502996
342579
176943
278307
710015
397204
481932
646533
197143
210922
469584
413433
470513
416072
494553
512895
289503
370427
384562
352309
411970
406936
427653
461805
502172
596951
540729
360974
327849
325642
527705
778324
482875
381448
359669
280443
276600
433914
384882
663318
757505
984117
941052
874261
492340
466193
443043
370918
440302
532708
449045
279846
115439
336231
387766
364117
405472
305093
396222
536903
430817
364857
439425
410265
154257
382066
407144
367895
381989
299774
414719
451593
331039
196929
240616
167939
759734
425198
394723
379275
618275
1197124
750210
448271
439915
449332
548617
599932
482500
501143
686528
485220
566700
622423
370452
331836
478522
448255
417410
271666
505069
297918
481961
413489
413870
394058
374912
246338
261899
563845
485605
480906
522695
316703
444606
180839
319715
185991
319866
179043
239191
191458
331105
319484
286532
291911
378329
334458
314512
391152
342369
308425
119311
274969
350077
327411
428579
430273
279084
487967
371667
260191
370781
457108
460797
409412
484570
537493
588034
629540
538810
113366
