345235
414966
608784
670875
575044
502872
556589
667820
555373
568031
491474
415280
389029
382234
438913
594370
500003
334870
312303
458960
418154
302676
387339
587992
526239
406343
507981
470166
477097
371058
444545
376839
642823
552714
478300
356144
244140
179659
476635
602494
376446
469974
566590
388628
492325
497257
607316
363196
469889
646299
570648
792335
472820
424472
365771
413818
590359
494290
311884
403038
501550
502456
455515
430312
426632
509112
396492
453967
752013
463263
488980
316548
485484
317918
425293
458096
459199
598364
661676
551796
402554
521357
591626
538561
570981
414873
669335
520746
453362
395753
547801
533507
496718
752819
426160
478817
602830
514064
418001
477291
517663
387487
373417
373773
696879
469686
422713
696748
438377
395267
481702
471502
427910
375847
418051
463350
507068
367527
508618
525927
469593
405854
345214
322492
725042
507447
530169
485223
455301
563425
652268
528216
464222
396879
469630
874001
636574
663932
488409
382264
488712
281291
332728
388259
496802
597877
596241
549524
392108
469126
609267
477272
549723
525232
475852
340848
525024
429119
469762
533252
473787
657205
521374
526554
455313
433967
878815
448134
614519
391030
555370
517480
498566
785521
521881
640152
729237
641509
577076
689449
550333
536415
502379
614813
563444
577721
395446
676259
673683
456659
570081
585678
380291
476466
578048
673248
596310
539954
507011
563336
526488
268638
