1271702
1443730
2201651
2387595
1971929
1669636
1939303
2279537
1898333
2022189
1612377
1444424
1334700
1298709
1543933
2046205
1865871
1261443
1077617
1629080
1419095
1095713
1334233
2007936
1797423
1483510
1746130
1656229
1676615
1327582
1606606
1300946
2216729
2167087
1775093
1493266
984845
735498
1788663
2256544
1451329
1699122
2028964
1371623
1635506
1722882
2221325
1445547
1808397
2261625
2040305
2713102
1771349
1516690
1279115
1445579
1957644
1608420
1169055
1426028
1792630
1797435
1747762
1597771
1684293
1840893
1368852
1574622
2522950
1696879
1943381
1191230
1743348
1196136
1613341
1798117
1644101
2018210
2427236
1906976
1438856
1894428
2253506
2065753
2104823
1482405
2272716
1791436
1614191
1465495
2184693
1949068
1694444
2603546
1617165
1654935
2038368
1815484
1601388
1694365
1883399
1480876
1325471
1405671
2331868
1653732
1493702
2501854
1687252
1479399
1730136
1745320
1504333
1342553
1459592
1679355
1878628
1419766
1839490
1889472
1661563
1450905
1184038
1135470
2467885
1796927
1910597
1761752
1571526
1953757
2364488
1798736
1609364
1572050
1803111
2898148
2314611
2479869
1859267
1402140
1773289
1117621
1287912
1387512
1729341
2062275
1978254
1906171
1526085
1715066
2490281
1854913
2095990
1981676
1928309
1395237
2030571
1670102
1806536
1876817
1645166
2300647
1839770
2017694
1697763
1531235
3164914
1504595
2317098
1444612
2050109
1923449
1797642
2745072
2053178
2407825
2736062
2433882
2175228
2668946
2206911
1982976
1730953
2251750
2022122
2085867
1463999
2498051
2368982
1578221
2239906
2208221
1379168
1801906
2306494
2599624
2064219
1871192
1779517
1949719
1848902
911799
