475103
562945
674189
773843
699755
653992
720054
793449
641663
670389
665228
606029
595782
568991
545045
797238
609219
434420
518985
602042
578711
403847
574918
806808
725443
536521
628970
675269
656692
536499
648380
544052
851975
668980
558770
465878
324993
269198
563734
718195
424882
666892
712927
486454
701458
712064
722631
457214
593607
790087
745459
976974
584901
599486
579262
556784
770556
670488
481860
525794
615866
641130
538511
520965
521119
704541
584121
625218
973029
662441
634288
429645
590347
387982
526201
576416
621330
807623
855132
675507
544584
641924
734326
678435
709416
619900
886859
760519
615769
506245
708414
677357
641094
925888
538159
660755
777930
667359
535488
619520
689389
480623
604797
493747
920426
662898
576723
860807
531714
491717
607404
596572
627478
499833
561443
600962
645477
495203
615136
708326
656696
601566
520670
421624
949967
704859
693322
601855
686299
664783
808476
721824
634187
475114
564310
1114730
828711
871445
600220
477190
601264
357943
420188
454920
635184
818830
755501
778535
512250
619135
772529
610272
718403
635693
561912
426352
640200
491657
569423
732992
688622
798345
714990
638550
508532
517968
1089175
571374
753322
516914
713034
621595
640966
1001882
611686
751286
896145
805916
749227
818736
654164
664748
711031
762214
755416
721968
554828
797935
833136
680253
684344
738786
601217
622384
708661
808956
799859
834368
791001
845025
797497
370681
