174826
210908
268944
317699
296165
263029
288909
326862
271397
271187
261513
242286
234170
226459
219427
319198
239025
161280
207668
249033
223553
159031
225302
309067
287686
206167
242333
275688
257003
215087
261833
222093
331611
247924
206756
172967
110725
93345
207261
255359
158871
263129
283961
187025
277064
284237
297769
158974
215981
296808
277465
372709
241121
234958
223057
219407
305123
269036
179877
195867
228234
233659
197482
207433
192252
280481
227497
247719
391982
251785
230134
171694
238722
141950
202529
215927
253724
308731
317737
262550
210149
245727
273765
253379
278185
240973
345005
292945
231898
195352
256906
265642
247645
355838
196826
255556
306405
267011
194614
246130
283129
179374
230480
193625
358481
247249
220987
326102
192182
186359
233945
227147
245810
185619
209406
221010
229832
178174
241843
285977
257087
234368
199285
161629
365566
271021
262973
230553
266621
260681
312284
279311
259786
176730
196690
428669
315614
310458
237931
184527
238613
122856
143422
172245
238339
317812
295260
299922
188391
224255
274163
220595
257023
230930
197434
155742
235864
174947
216711
289433
266035
306958
266301
230788
177758
202632
387544
222209
276902
190514
258644
232428
246895
373843
228859
288175
325611
292293
277336
308549
247696
260825
277000
275522
291124
279467
213833
311405
325348
261840
257762
286172
224144
244942
266540
308978
294267
323485
303789
331392
314089
147758
