624737
741813
1121021
1229794
1027116
890823
1010471
1197993
988695
1034497
854571
753544
694799
682289
802358
1094788
928502
626464
560785
842607
744358
557502
701320
1066322
936423
731769
910089
849487
869001
690159
833431
672458
1171560
1046109
873829
680655
466708
355689
901209
1118901
708200
870907
1042136
700385
878277
913507
1103868
674778
872265
1170960
1050526
1425381
875023
777124
660961
738642
1047752
863827
579869
743631
923435
916509
870347
809319
800929
940951
722813
827101
1347261
855806
929317
593652
856742
591411
793022
866766
844342
1065279
1198760
994722
729890
929533
1106810
1019713
1027402
767706
1202953
946959
830278
718910
1082541
982057
894377
1317044
798074
858839
1070434
943556
797083
876046
958777
739531
686546
690448
1233170
834670
764901
1278815
806290
733800
890275
860002
779311
674099
748402
850465
957113
675025
923407
967859
863164
745910
617178
588321
1303423
933273
979053
848910
826358
1029857
1215728
946105
839210
764541
902303
1564437
1177459
1271950
881990
708512
893016
542781
634957
708565
905889
1080687
1062536
1000374
722847
896236
1221615
883412
1018398
993576
924894
638012
986217
805996
898019
956480
866632
1183267
950213
987089
849189
787489
1653327
813122
1144727
713688
1026666
946373
931416
1405670
1013651
1202203
1354552
1208495
1069322
1259839
1024370
1018647
920801
1155970
1032446
1082612
751171
1283748
1223213
831215
1092639
1072437
694397
882919
1096298
1274362
1077298
984522
939897
1021710
960117
484732
