1651363
1913303
2166394
2136258
1985939
1814540
1956957
2212094
1763407
1909156
1731415
1672811
1638321
1571547
1572094
2200390
1729523
1342056
1354864
1812504
1665767
1267630
1644083
2148390
2000271
1594641
1836146
1895687
1959486
1489518
1778496
1522698
2389207
2158260
1813510
1500677
1124599
906623
1883884
2370554
1456941
2041336
2011960
1560917
1917392
1924855
2010315
1437314
1910171
2469908
2353448
2918171
1789456
1703035
1591431
1553735
2127273
1843565
1404706
1578309
1936330
1974056
1826556
1604395
1724505
2170380
1624840
1729310
2672352
1916468
1902746
1294643
1765022
1236354
1699086
1809554
1882307
2278080
2596587
1991415
1569349
1900396
2222855
2077950
2157907
1842024
2363385
2099991
1793787
1572979
2362755
2185505
1946931
2642155
1633557
1850833
2165786
1935152
1796441
1808671
2109007
1663706
1661653
1472208
2526877
1969536
1719459
2617657
1648142
1505663
1824501
1804181
1741397
1748988
1902629
2046752
2315530
1650480
1786506
2023706
1835320
1683804
1444354
1301924
2684540
2049314
2046750
1819844
1898526
2055044
2496880
2066825
1814680
1564068
1843904
3182068
2465631
2727695
1789103
1490808
1876503
1220263
1440396
1456949
1858183
2320401
2108889
2169105
1588735
1912998
2611362
1919617
2252296
2138991
1914629
1436778
2044226
1630848
1845379
2127950
1920320
2368984
2130205
2188182
1738391
1560396
3444200
1761442
2379770
1541163
2274149
2018453
1926252
2946034
2053663
2402713
2808536
2594100
2382383
2599099
2108980
1958571
1945433
2357634
2183808
2109919
1680928
2609277
2562608
1903473
2399798
2215181
1690194
1893170
2367927
2613360
2372602
2319636
2203829
2354773
2204515
1019865
