871689
1047212
1223020
1295456
1182383
1118309
1209672
1354465
1074007
1151424
1078544
1022561
1026842
985617
943501
1372938
1052156
775137
873998
1061742
1009507
724235
985264
1351121
1236226
931638
1104609
1165790
1156261
919429
1099460
939585
1465668
1225714
1041880
848214
628181
519665
1049235
1345788
827578
1185083
1233755
888267
1190430
1221515
1233265
837233
1086713
1422850
1339437
1737961
1054310
1039799
982827
959001
1320846
1141223
843118
926380
1126751
1166971
1007464
934335
984313
1254609
1004081
1069661
1665206
1159483
1128519
754990
1022938
706685
968798
1044620
1099106
1379991
1516676
1175191
947162
1106854
1332274
1209492
1273188
1095956
1497470
1303871
1076595
886750
1300491
1214682
1133386
1587562
927627
1134043
1326346
1155653
1007077
1092696
1236296
898352
1035626
872034
1574282
1156749
1012356
1526945
992871
888829
1088860
1075207
1075137
922369
1021962
1115164
1224090
909853
1054684
1236859
1125538
1026857
899020
760495
1640771
1228313
1211389
1038748
1173483
1193012
1464278
1252519
1101244
898835
1067827
1916748
1438985
1570769
1020853
859526
1091686
694346
809680
839591
1127312
1410548
1299524
1339508
907492
1112310
1464147
1105311
1287083
1179876
1079880
797557
1171287
932673
1055341
1288657
1181831
1395113
1256638
1208193
975334
921503
1967413
1018709
1363606
899785
1294941
1156876
1117723
1756434
1136613
1337475
1642562
1485725
1340053
1472414
1201218
1168079
1213826
1399366
1322034
1271517
982425
1475488
1515680
1177771
1287725
1273188
1045940
1121336
1284572
1463780
1381715
1397752
1338937
1418493
1339640
624919
