549742
672551
398263
604957
955448
1312660
1171170
1922077
875756
739680
704623
722493
886439
801457
930724
634808
831060
663916
1481647
1250891
1169354
1281278
1707237
1295168
1109365
1160780
1356882
723525
814637
794792
704738
1161358
1110534
1063150
1412800
1080044
796527
829283
789224
755902
1423392
1650963
1223567
884013
799474
1044688
784968
809692
672663
730738
807760
619630
942075
580667
653752
769665
841671
807596
770689
783964
1334287
1413516
1208814
1304374
1004592
1319280
1184584
1270307
985118
1375488
786824
1172481
858127
760232
887486
880231
946439
968487
997716
986796
872997
991804
830354
792625
857464
1267072
1121300
1267370
1382653
1257570
939493
1030627
779290
931560
898778
869077
1030770
1111776
877511
760516
815207
805255
614310
921457
1095295
685372
1067761
1186502
1003260
1051002
1471456
1541454
1161944
1229115
1029813
991441
1638316
1242641
1122096
742325
1095062
826689
625247
803924
663940
788686
1259115
1389419
1340177
1065976
1107295
1069414
1198668
929158
933600
969677
900244
836643
676089
742565
949557
1121716
1287504
879812
1418962
1454049
1559779
1086970
1976855
915300
910860
899649
919711
909944
1027562
577911
812429
872904
737298
864809
600196
602578
603300
749514
662020
804432
955849
919373
977018
864494
992715
837914
791860
870206
839526
816687
769552
1042858
271175
111130
