341145
409095
273572
364872
565696
779639
697289
837074
507810
422216
398458
409817
534364
475478
561057
383292
500062
387557
813382
720198
656739
683037
933893
729367
657964
682673
762056
416179
460004
429358
416371
641718
647840
603035
820251
620805
453112
500854
470855
448126
806455
896876
671326
512542
483915
600446
449533
436449
405484
421843
450902
379215
530271
359376
385298
442173
493011
483339
476962
478380
738949
759726
640480
751453
573697
723042
664214
705579
584061
774329
472085
675454
505124
466813
510913
474268
549703
504924
611075
563758
486725
550486
500178
478140
525759
732208
644966
714088
763182
707262
564689
610855
446873
550478
528686
502684
580268
586763
526217
460573
498400
485140
375417
541981
590097
431030
596368
679522
576916
605382
843776
872620
681705
707850
588893
591549
898393
729175
682980
459414
637848
499492
389783
491693
403551
483072
766592
795671
751838
587886
621924
616152
672544
524511
565262
581576
528995
493723
404020
470583
571904
661588
719517
507834
768579
799514
858585
651032
1100879
547665
517683
535322
542460
526811
567115
356707
465897
490385
462390
508297
367684
361795
381712
460338
418181
478382
556961
546796
574319
506613
595387
480695
448874
506017
486598
467769
454770
612921
172282
79422
