190301
304222
240381
253787
457292
635845
549988
864476
362177
304343
271709
293141
387223
330642
422248
230683
353630
236730
592534
550052
525232
557557
698323
571683
483645
510017
573132
276066
324009
277764
272912
437548
478569
427429
654439
392445
288662
338019
299847
280146
637517
643728
514323
357058
351684
462176
320840
302574
260751
267289
334241
229850
352095
205623
233427
301284
336803
330869
319951
318449
553149
567352
518152
571320
425548
564026
492590
554288
405867
597295
301252
502464
353026
309221
359397
340204
374095
343819
433443
399464
327957
393983
326714
318096
345588
573504
495827
554993
588327
562274
400252
467126
302719
423813
348732
350349
417654
479375
354974
300956
338472
323620
206187
407167
452964
273967
501052
515562
422710
459355
667741
696537
526585
567080
417102
409050
701234
560811
522031
286583
478135
331616
215174
318257
231563
316758
600603
645045
602855
434724
499407
453299
556308
360023
389004
411303
368906
335612
227537
277767
408369
528847
540065
359750
639080
644830
689839
506572
864299
369008
373140
399552
390767
368373
447996
184846
302237
334046
288870
340772
193454
192820
209112
284396
249560
327867
400984
390578
425730
382619
451775
339930
309987
349515
316245
333670
276189
437310
106586
27626
