385502
589757
441090
527313
937864
1294192
1096216
2272940
720071
631581
576770
596718
752835
647976
834197
456789
691367
480976
1172240
1063479
1032485
1122192
1378317
1119430
918330
991749
1177676
573667
688886
585800
566133
899864
921421
857613
1246943
758075
558455
669099
584501
553391
1240465
1266632
1026084
713272
689394
906199
651828
613321
530894
536767
687993
471041
707908
419336
486670
614008
663745
648565
630092
616747
1094169
1150472
1048249
1110552
831007
1102211
948812
1112944
799812
1195151
597614
979197
700975
619796
716175
694527
771808
730805
853172
781954
655889
793260
653215
632199
672732
1118293
970590
1100051
1160793
1109901
760049
902781
602088
834232
671670
679980
836294
1003827
689932
587633
669916
626159
407853
796731
950021
534600
977815
999187
825249
889467
1286254
1346796
1017693
1105790
800792
804220
1367946
1088552
990560
566559
920737
646807
422927
622439
458762
612097
1141777
1269036
1187908
862092
987969
877915
1087779
699558
763508
789945
715605
656775
450817
530170
798209
1039124
1089780
713405
1307238
1267593
1340496
965672
1656847
720480
748380
780031
761944
716927
973934
375141
610587
682867
553345
696312
396643
392398
426247
558092
495401
655704
796703
757285
833739
760255
906205
686073
625051
703008
649685
656416
559437
875777
194257
44973
