184901
226036
163250
197762
317438
463826
413473
517547
280853
227979
211676
217465
298416
263968
309055
214283
278762
212554
419799
394325
351585
371231
488696
376136
364344
369988
408978
227185
240586
217188
223478
337307
359406
330259
453138
339345
241793
277817
264066
244083
406092
441480
349980
277542
266465
329929
242564
232882
217031
225757
237132
206728
286057
199415
209741
239067
271250
272684
268554
268951
381598
386082
321858
408604
309526
370674
357831
376292
322395
408381
259466
359812
270428
259254
281165
240086
292293
255878
341844
304896
266294
295631
277796
264976
295867
383144
340391
365435
386260
373221
306683
336958
239892
308955
288243
276538
306547
303344
289214
250947
275005
263777
207355
295620
296324
236160
314356
361876
309704
318411
434790
455820
371226
387489
322025
318871
477324
394636
374286
252348
345171
272417
213922
271216
221970
266623
431208
434379
404290
314184
328487
340961
369924
292207
314806
320295
292050
272019
220549
264803
317368
352666
364184
274731
403414
417847
464161
360779
591516
303586
282819
296954
298855
291424
295415
194268
258887
270590
256699
281161
200279
202074
208785
253102
230320
261261
304091
303024
315314
283283
332226
262029
242871
281521
270211
250104
250876
339434
101241
49215
