68905
87175
80959
71608
118822
200440
175680
221382
99526
81245
75556
78115
114663
101114
116299
81259
107327
76385
138772
136806
126794
133655
158783
128752
133396
133648
142376
83326
81423
69958
80114
115978
132184
118677
167723
117252
86769
104121
102540
89814
138793
137675
123905
99934
103032
121662
88015
79700
78974
81395
82002
77982
103714
73826
78908
89265
102751
103357
105002
105978
127662
130200
109775
151061
114614
124757
126899
135130
116875
140608
99391
127467
96434
98532
105398
78433
107297
81465
129395
110434
93137
105273
105596
100868
114608
140361
119377
121334
127983
134592
116099
126326
90265
117938
107515
104042
104704
106342
108028
97718
107243
101255
77498
110671
95522
89730
112371
134079
115292
114087
149679
159111
137748
143818
121896
116547
165664
145219
141010
94999
128111
101941
79486
104185
85236
101504
163583
163025
148969
115141
117764
128556
139358
109236
118277
122858
111433
104451
81520
102586
119043
129979
117276
100751
145036
147708
170589
137635
212715
111941
105409
110341
112867
109941
112466
70881
93192
102031
98315
103797
73945
73978
77253
95042
86460
96335
113237
111741
119340
106554
122287
92269
86715
101032
93646
91464
90757
120454
39971
21133
