101446
170560
128348
138294
261094
368994
318895
489931
189963
169784
155723
159067
216392
183227
229226
129473
194388
129920
314071
292682
281207
292690
360058
305019
264863
272730
307277
151781
174911
144249
145402
225793
261297
229290
347029
215886
159529
185395
168467
150236
340901
332076
267110
189843
188923
248111
172922
157189
141610
144790
177280
124610
189746
115001
130439
164248
186022
179765
181268
178586
296639
297915
269253
311835
229946
294700
268045
297051
223024
318297
169026
275802
191276
168516
192641
179109
203294
169800
238584
215379
173190
205951
181114
175323
193600
305632
268433
295860
307899
303645
219919
255141
161938
234613
190131
196145
219417
246378
193076
164342
183349
175408
113045
223115
230131
147396
268073
280657
227703
241350
359042
369880
289563
303562
225065
224774
376365
306322
290747
158058
262189
182646
116167
175867
126579
171032
322867
352109
317746
229406
255536
237781
300617
196307
205549
215411
199426
183068
126031
154659
221709
294881
289709
194815
349765
343608
376017
274279
466570
202137
202667
215445
214712
200846
228609
100179
162057
180520
156461
184054
103852
103597
112589
156924
135977
181147
217822
212206
231994
213107
257398
191627
168391
193969
172233
181895
147875
240054
61729
16374
