75468
143850
160367
130892
90380
126644
146497
101876
98634
130293
167660
140877
139150
162943
110802
117081
133129
126134
130609
79154
83351
117705
91370
81719
110233
94927
106094
119438
111174
110124
110781
102094
102719
145577
141610
118860
126887
126523
117461
109662
108140
104042
113221
97334
107105
122363
119242
125777
102045
100723
124934
134414
117876
97417
108587
136668
112554
182358
126663
166757
155053
169324
159400
133928
71744
55305
68983
80846
73424
79608
75656
95549
92123
96859
92424
126246
121568
118085
122633
184664
120044
91326
101221
84626
88529
10554
