139530
277772
307555
215744
178239
259858
316060
194003
212428
267043
363426
314177
291093
335735
231435
245219
287579
260654
275886
149767
146108
263536
210305
170401
240978
191909
212331
237934
207926
240770
283549
251877
263141
316536
298988
247476
275949
282278
218911
226304
238407
229340
250339
208023
226495
254158
256138
288727
227359
201392
251907
317799
286478
216536
254352
278312
173453
372297
217848
320415
302767
406865
370837
300864
157588
100840
65030
105735
67084
119246
64831
124502
80775
119600
169147
198048
189933
178366
225018
390567
249462
169760
233976
180694
190340
17919
