244237
522158
599487
427732
341462
504125
594935
392375
416021
503513
710037
601799
551507
626630
435744
478321
555853
524041
530444
300774
298251
504672
430636
361537
479228
382616
419829
469433
423542
505992
613539
500776
528205
658124
623451
512308
549490
563441
447768
462862
494835
483965
498010
416998
444458
509163
518510
607708
492167
403608
502958
720992
702073
478937
524683
575263
341913
731676
430836
632167
585735
877745
871257
695845
318353
194633
124830
190346
126097
205217
122289
224334
157872
227425
338374
390217
382816
348332
436764
751499
486651
349432
495316
369128
355912
32187
