175738
380852
414672
326199
271856
369643
416793
301571
298726
374116
471401
406809
396996
452623
335784
352825
396292
386273
392674
240908
244224
352051
275320
231975
302252
249446
276433
306490
291863
301229
320328
286978
289489
397698
371493
324785
345338
344198
313009
304741
299364
285490
311256
259095
297419
381597
381361
357060
278698
282901
342642
408260
381959
295635
313722
370080
297144
473918
331954
445570
405438
575495
550424
445722
218939
148951
173431
205643
190646
213565
206953
261641
251099
260542
233245
311349
306728
296564
322649
511522
348787
293170
290549
238545
232021
20815
