360264
1161687
1250684
908199
901920
1196459
1315352
1025064
1004715
1184861
1487055
1310142
1287056
1447421
1107422
1123092
1295579
1260806
1287315
776203
790252
1147317
1027959
896561
968638
769527
870030
970742
908793
972388
1120449
942747
978894
1229203
1190881
1052478
1164828
1079639
990453
963971
933848
920924
981804
819613
978636
1303150
1345314
1205433
922531
945899
1144591
1433848
1252166
1042761
1085544
1137025
918435
1425099
1066385
1421646
1359071
1929300
1887176
1567271
821825
441058
444907
517013
509505
644353
563877
823756
843267
767813
689561
914071
901587
866206
952406
1538362
1112295
1030960
928575
752061
697239
52849
