74591
143209
160433
128429
88829
122883
145058
99248
97518
127963
165495
137586
136840
160101
109470
114743
131709
123752
127111
75789
78732
114829
91357
80953
109334
93976
105263
116732
111005
109441
110951
101609
102320
143694
139492
117949
125645
125891
116092
109245
107429
103199
112123
96895
107100
121089
117890
124008
102259
100483
123509
132962
118447
96315
107196
134120
110944
180321
125485
164228
153446
168627
158761
133485
72011
55149
68058
80179
73022
79424
75293
95319
91806
96370
91323
124129
119759
117503
121734
181285
119319
90158
100903
83830
87654
9181
