255659
676103
739374
563642
530846
700098
787036
581697
582349
695117
861881
756166
749180
830094
637457
659346
745350
727900
745591
450280
454583
660083
526442
463700
542959
449646
495472
545955
518046
544367
613247
544328
548065
724413
664489
593060
630495
630597
567363
554092
539645
521174
557802
464614
538498
705729
715902
648278
497928
529567
625878
759112
680953
556080
585530
654930
515329
834698
592984
801444
750486
1073252
1036794
851700
434986
271014
303723
359235
343752
390688
380064
489749
472741
480983
409582
541962
534607
515676
573066
930956
650052
540921
521011
434039
425285
33485
