564448
997212
1165661
815784
668398
984004
1152900
772812
826023
969166
1392957
1164028
1085383
1190258
854920
936708
1101479
1037017
1033834
578945
589743
969593
878163
757799
917459
722424
808455
920046
826632
1038346
1247735
1073802
1086815
1286155
1234590
1038807
1090821
1095183
856515
871747
927197
895871
938051
807422
854996
1003102
1045094
1221423
995042
811078
1016952
1431421
1414571
956184
1031434
1098535
666823
1388620
842411
1245933
1153274
1788519
1672208
1358121
670905
361365
223513
319420
219137
326664
213329
366321
272121
398335
635698
762284
729948
677888
839808
1424896
951055
697955
982695
728607
682286
55230
