214787
54208
21866
26642
66819
1317655
1266893
1037162
828070
1134174
1543253
1347411
1090769
1108747
1144466
738969
763636
867129
828673
797245
639270
775552
1296872
937555
835272
664727
732176
990914
947935
1254685
1010735
1254526
1091958
964091
990953
1133105
1156468
1095100
962442
902999
817555
985891
973815
806740
979509
861879
819370
1150716
1171344
1029764
1145211
1069478
1211931
682094
1279566
1288790
1253388
1214202
1255241
1625501
1961136
1572500
1485449
1929098
1660948
1457583
1596894
2005589
1677670
1563148
1986110
1890620
1851235
1834372
1979096
2235826
2215859
1620564
1407526
1344869
1527827
1755987
1690921
2153900
1769921
1796098
1508165
981014
893541
1231801
1318079
1129473
1294416
1231505
1754729
1207072
1624631
1722826
1493744
2006811
2173804
2138911
2651227
2741190
2130072
2330726
2117350
2046410
2212944
1901293
2093514
1765613
1399567
653975
752229
651683
658711
623277
713591
690771
1131654
1669435
1713071
1767378
1817532
1332703
1621218
1810627
1805091
1821186
1566053
1574620
1553965
1126348
881257
1005403
1208146
1418076
1176555
955905
1619276
1383218
1060506
1135513
1673402
1562574
1578856
1319126
932313
633273
1061722
1431005
1686755
1844107
1741706
1376348
1642522
1689957
1860800
1581697
1232625
987675
1119780
1450440
1536274
1169717
1101648
1065792
899456
1280608
1262032
1267687
696967
255851
206955
23475
95904
158296
22330
