158046
53330
36466
34058
76596
1366712
1363075
1139544
901058
1335142
1701021
1487932
1097001
1190054
1227342
944402
953219
944271
876955
864410
731830
819298
1246682
967534
885419
713334
803933
982706
938105
1136433
998349
1213128
1039669
982976
1055647
1199391
1123355
1069811
1031807
937913
881446
1074334
1130131
895374
1106927
927051
916134
1232579
1246924
1206283
1303082
1282137
1343007
674194
1297207
1471996
1358100
1340292
1577005
2136861
2586191
2117186
1986012
2444763
2268761
2022527
2099235
2744753
2366781
2267103
2647652
2515094
2244041
2308757
2595361
3070205
3223978
2693824
2361917
2441612
2725321
2931520
2889916
3091188
2383940
2048806
1756135
1159231
1143940
1433646
1466071
1381682
1542584
1471334
2242562
1547380
2020107
2196633
1921322
2715920
2841051
2571030
3193762
3310337
2751146
2983837
2593949
2665968
2976395
3023912
3023785
2707036
1728362
855713
952512
934202
832081
886426
914553
813548
1394471
1932540
2008897
2126147
2320030
1930742
1947964
2142008
2308735
2347078
1987739
1981869
1713764
1189851
1005403
1214866
1390507
1535066
1301878
1167111
2015758
1588619
1209238
1316835
2041670
1808485
1838391
1565543
1116548
783985
1193704
1640920
1961933
2176052
2019544
1588477
1831667
1946598
2215926
1847409
1405917
1133688
1340056
1643688
1667816
1169074
1064257
1033537
989277
1469349
1358254
1366995
839418
376058
298890
30918
82928
205987
46571
