62215
18861
9397
10163
8919
322910
317768
257949
201073
301051
415997
351137
264038
276495
278604
178438
182121
208827
197922
197157
148567
181222
303395
232585
202987
152581
178799
245292
231878
300144
245666
305509
260275
237310
239766
278428
283800
268191
235399
213845
195182
241875
242441
192448
234113
200131
195995
285337
297185
250652
287820
255138
289105
136586
299740
316598
311192
285333
305690
407864
507943
407811
370301
496730
412498
353968
395055
525849
407837
397301
507713
484073
455503
457148
495755
569956
557096
413913
350392
350848
396624
455361
413457
548419
439329
432363
367573
215196
207538
296659
309043
258680
284954
292318
440432
284993
388126
420655
353173
528423
568592
554450
733934
787712
579199
640940
553829
527110
595777
491905
561011
464238
356221
160799
181990
156811
156726
150945
175129
162802
281011
459164
455645
467725
462784
330012
398717
441793
446095
459639
397722
397448
397337
247956
204940
228934
290417
347858
281973
219895
409427
341289
238565
281561
422540
378911
392302
318371
220507
156069
254403
366569
427865
464575
464147
328080
415709
437433
482675
392749
294627
225530
265699
357065
391642
291955
264204
254207
186125
312320
311676
315058
178560
80701
68259
9052
28990
40971
7004
