1.823256254196167
1.6040878295898438
1.6025254726409912
1.6094300746917725
1.7173712253570557
2.246795177459717
2.074648141860962
2.089674711227417
2.0547914505004883
2.4489054679870605
2.5547549724578857
2.586738348007202
2.2543351650238037
2.2419779300689697
2.165239095687866
1.9659383296966553
2.075249671936035
2.1631696224212646
2.0280189514160156
2.030900478363037
2.166220188140869
2.1628453731536865
2.3351736068725586
2.1966748237609863
2.023099899291992
2.02351975440979
1.90895676612854
2.2291157245635986
2.281920909881592
2.464357614517212
2.241162061691284
2.440239191055298
2.2693862915039062
2.1721441745758057
2.192110300064087
2.2536990642547607
2.293999195098877
2.331495761871338
2.0817136764526367
2.0898966789245605
2.052180051803589
2.3120853900909424
2.2063026428222656
2.1444575786590576
2.228940725326538
2.212162494659424
2.0574817657470703
2.291860818862915
2.2105209827423096
2.1401867866516113
2.19236159324646
2.2319793701171875
2.3509016036987305
2.276047468185425
2.664696216583252
2.2895419597625732
2.331559658050537
2.279895544052124
2.2330172061920166
2.3911664485931396
2.3558642864227295
2.2189693450927734
2.2741029262542725
2.4677231311798096
2.358607530593872
2.2988765239715576
2.498939275741577
2.4212162494659424
2.2746777534484863
2.4355850219726562
2.6096878051757812
2.3700830936431885
2.4454362392425537
2.417664051055908
2.372408151626587
2.5831310749053955
2.5895791053771973
2.397956132888794
2.313662052154541
2.2631657123565674
2.31215238571167
2.4797275066375732
2.510556697845459
2.571894884109497
2.423154592514038
2.581404209136963
2.4799563884735107
2.1312623023986816
2.1394965648651123
2.328643321990967
2.3360862731933594
2.236990451812744
2.2534737586975098
2.23240327835083
2.449868679046631
2.23337459564209
2.4559435844421387
2.5092105865478516
2.299262762069702
2.5676937103271484
2.644591808319092
2.634275436401367
2.7126426696777344
2.9109020233154297
2.6671619415283203
2.7614500522613525
2.60149884223938
2.5331666469573975
2.872502565383911
2.518890857696533
2.712538957595825
2.36625599861145
2.336581230163574
2.028388023376465
2.116446018218994
2.047576665878296
2.0472075939178467
2.0022027492523193
1.953016757965088
2.03767466545105
2.230856418609619
2.8865444660186768
2.585261583328247
2.563816547393799
2.5364465713500977
2.3167409896850586
2.579777240753174
2.5636396408081055
2.4146509170532227
2.4790000915527344
2.5637969970703125
2.6815648078918457
2.618873357772827
2.117248058319092
2.2200584411621094
2.1900649070739746
2.238534927368164
2.5105371475219727
2.2918801307678223
2.341249704360962
2.4789133071899414
2.3729889392852783
2.2693262100219727
2.3073179721832275
2.4625117778778076
2.35660982131958
2.3641226291656494
2.213855028152466
2.1308765411376953
1.926496982574463
2.24061918258667
2.3897674083709717
2.757519245147705
2.6447925567626953
2.798715353012085
2.3193259239196777
2.5902836322784424
2.58449649810791
2.5240426063537598
2.5153472423553467
2.235933542251587
2.214970350265503
2.186739921569824
2.407127618789673
2.4855189323425293
2.426645040512085
2.359555244445801
3.0843873023986816
2.615434408187866
2.3130364418029785
2.237657070159912
2.242844343185425
1.8375914096832275
1.7021613121032715
1.7193334102630615
1.5763146877288818
1.7346100807189941
1.6406466960906982
1.0518198013305664
