69025
22893
16759
14856
31706
428560
414998
339070
264277
397801
495431
423736
323573
359808
365711
268582
269547
273318
251859
247569
206967
233643
360260
288147
258813
203477
234472
297863
285215
357453
303772
382132
322922
305926
310589
365713
346731
333749
308240
277487
256271
310813
329703
269908
320558
274597
271252
370217
387117
347225
391807
367311
389049
166948
357233
420196
418113
402119
475942
626175
767640
622902
575410
730275
657323
573961
608949
809802
687578
664031
773181
730268
666064
671662
751057
909041
947115
744363
659832
693834
730885
809525
772729
863185
690467
604181
510130
328318
332253
419482
428578
370052
447994
429302
646015
433721
568254
621246
538279
787469
824383
777074
990145
1071410
837273
892542
769661
785294
902247
853569
873758
769695
502145
245957
266267
256148
228493
243353
258640
245955
404030
591495
598121
632575
668226
526640
573846
605981
653447
683621
574360
568580
516718
356589
286894
337468
407475
453732
380702
321922
588822
470632
340996
386184
607304
536456
557171
465186
317078
248256
356718
490391
549548
635983
597042
465078
544131
568268
635443
527937
397357
333321
375896
479235
496301
358768
317218
278057
246555
423204
415829
421861
258162
121416
91598
15282
33312
62497
14558
