1.2286291122436523
0.9836423397064209
0.9677822589874268
1.0445811748504639
1.1599109172821045
1.4559478759765625
1.5037379264831543
1.4341824054718018
1.3583998680114746
1.4735310077667236
1.6005325317382812
1.5846033096313477
1.5122599601745605
1.4152348041534424
1.484816074371338
1.3217575550079346
1.3886818885803223
1.4305944442749023
1.3963665962219238
1.3549766540527344
1.348283290863037
1.4154400825500488
1.4807538986206055
1.418236494064331
1.350536584854126
1.2727563381195068
1.346825361251831
1.419767141342163
1.492021083831787
1.5776300430297852
1.4149606227874756
1.4968876838684082
1.4397220611572266
1.4284846782684326
1.4251525402069092
1.4324615001678467
1.5135858058929443
1.4665682315826416
1.4125680923461914
1.392897367477417
1.3844935894012451
1.51080322265625
1.4312808513641357
1.3631272315979004
1.4522697925567627
1.4143352508544922
1.3752295970916748
1.4112849235534668
1.4836053848266602
1.3713855743408203
1.4477870464324951
1.4851605892181396
1.4419841766357422
1.4092843532562256
1.5874450206756592
1.4961776733398438
1.515200138092041
1.5318095684051514
1.5435757637023926
1.5771870613098145
1.594465732574463
1.5504214763641357
1.5261352062225342
1.64497709274292
1.4856345653533936
1.5366146564483643
1.5082993507385254
1.5587549209594727
1.5919928550720215
1.5098259449005127
1.5794172286987305
1.5514850616455078
1.615321397781372
1.5984551906585693
1.555356740951538
1.6282227039337158
1.6814801692962646
1.5906805992126465
1.465045690536499
1.51023530960083
1.5894548892974854
1.5790104866027832
1.5226497650146484
1.6044881343841553
1.622257947921753
1.6277995109558105
1.634566068649292
1.4745664596557617
1.3635978698730469
1.5196382999420166
1.5068457126617432
1.3763842582702637
1.3911070823669434
1.5395371913909912
1.6129286289215088
1.497241497039795
1.6080503463745117
1.539172649383545
1.5231008529663086
1.6025605201721191
1.6794910430908203
1.748577356338501
1.700758457183838
1.757972002029419
1.7349655628204346
1.786292552947998
1.652003288269043
1.6241378784179688
1.7579741477966309
1.5818419456481934
1.6500463485717773
1.528836965560913
1.455108880996704
1.347766399383545
1.35789155960083
1.3482065200805664
1.2910807132720947
1.2987442016601562
1.3683950901031494
1.2433009147644043
1.3647515773773193
1.662496566772461
1.626476526260376
1.633211612701416
1.6175053119659424
1.502687931060791
1.5870707035064697
1.6780834197998047
1.6384069919586182
1.6484813690185547
1.639822244644165
1.615739107131958
1.5555973052978516
1.5841081142425537
1.4427897930145264
1.3975603580474854
1.4214797019958496
1.613121747970581
1.4155399799346924
1.4713773727416992
1.6282851696014404
1.4689912796020508
1.4499897956848145
1.4187145233154297
1.5201663970947266
1.4926235675811768
1.5457265377044678
1.450740098953247
1.394911766052246
1.3419137001037598
1.3742332458496094
1.5426197052001953
1.6310570240020752
1.5590028762817383
1.6593818664550781
1.5203425884246826
1.6711688041687012
1.5894908905029297
1.563293218612671
1.5008535385131836
1.4762322902679443
1.4041831493377686
1.4873664379119873
1.5691447257995605
1.5227863788604736
1.4977161884307861
1.461787462234497
1.6265435218811035
1.6087357997894287
1.5291483402252197
1.4372482299804688
1.4732167720794678
1.2264633178710938
1.179640769958496
1.1435916423797607
1.0570905208587646
1.1596295833587646
1.1029295921325684
0.6971979141235352
