31969
10983
8769
8833
16456
180062
167812
143369
91430
144280
182747
152225
116568
129810
130898
93900
93452
95270
92446
91233
76317
84663
125830
105694
95438
76078
86704
107282
101510
129288
110910
137198
116239
110014
110533
130718
127790
121667
112771
99711
91728
111732
116423
96775
114780
99447
97659
136038
142199
123282
134818
120730
129351
53679
120366
142838
143670
130949
142509
185132
228701
187247
172621
226587
192391
167576
187132
242358
205741
195340
232796
211010
197616
200071
223224
266989
272335
215807
191845
189871
202528
225632
215752
256740
204064
202366
159981
102052
103983
132549
135562
106167
130737
129578
197910
130546
170152
185183
160573
234158
256905
252451
335358
365353
272372
293123
254231
245351
279182
246515
266740
230685
158627
75010
83002
78622
69611
74112
81734
82032
129432
204373
206901
210501
204510
157350
186667
194442
203777
212775
185064
180105
174551
115751
96020
107192
131666
150617
124835
98378
184177
150178
108106
124987
196217
173842
180656
153651
106926
88321
118737
164219
185200
208768
203633
149545
185381
191383
213103
173267
131863
110584
121680
162337
171876
123186
104223
86764
78177
142631
146216
150774
95145
56143
41809
8614
14887
22501
4537
