105431
28897
13280
15714
13025
620081
599518
502798
400811
556058
801165
674828
521523
536003
551720
353102
368952
411290
391308
379787
298876
357150
615974
436504
402317
312485
362388
490527
456933
603492
485044
592512
518262
463519
470979
547682
563997
524742
461587
424417
397863
472474
462391
379700
471248
410816
392003
552582
566514
492549
555926
509646
587937
285170
584620
609712
583147
555989
595533
784095
949980
769241
710019
946358
807887
703879
774795
983275
806328
765692
960546
925486
879015
886304
961650
1094920
1101618
801474
686636
672884
758131
874440
820288
1067909
860405
851852
750725
457933
422549
590573
618219
521134
607339
587976
868711
580247
799690
825911
728834
1021733
1081208
1058896
1378513
1445086
1108971
1185629
1051092
1001735
1120403
938552
1063289
872198
693622
308546
366236
313036
309055
298798
345079
327995
564120
863991
872913
875511
877743
652056
770968
864578
883100
889355
756063
762360
772504
516909
403340
459702
565923
675959
551353
438294
779707
667228
482833
545518
820180
750430
758886
633080
437415
305833
502138
694057
820886
876571
863116
643097
798148
838322
909588
764629
577652
454455
518227
696014
746324
550069
509350
520447
404571
610704
601817
602425
335116
136795
109087
13864
49008
81256
14534
