0.7060854434967041
0.6210172176361084
0.6014106273651123
0.6318597793579102
0.6528956890106201
0.88773512840271
0.908750057220459
0.9042837619781494
0.8083462715148926
0.9172077178955078
0.9941892623901367
0.9424648284912109
0.8914592266082764
0.9276161193847656
0.9507863521575928
0.8775944709777832
0.8189537525177002
0.8455734252929688
0.8977389335632324
0.8268952369689941
0.952829122543335
0.8905458450317383
0.9663820266723633
0.9243495464324951
0.8692867755889893
0.7925443649291992
0.8056964874267578
0.9700675010681152
0.9607431888580322
0.9401259422302246
0.9148433208465576
0.9092898368835449
0.8917717933654785
0.8828437328338623
0.9226839542388916
0.911146879196167
0.9229207038879395
0.9241511821746826
0.8715977668762207
0.8682975769042969
0.8665440082550049
0.9474537372589111
0.9091825485229492
0.8747682571411133
0.9280364513397217
0.8944382667541504
0.864795446395874
0.9479579925537109
0.9574544429779053
0.8945889472961426
0.8866322040557861
0.8830657005310059
0.9925389289855957
0.8459599018096924
0.9599521160125732
0.9914202690124512
0.9559462070465088
0.9259819984436035
0.919013261795044
0.9880540370941162
1.026474952697754
1.0114777088165283
0.9475553035736084
1.1006388664245605
1.002636194229126
1.0013511180877686
0.9915947914123535
1.0723719596862793
1.021662712097168
1.0168108940124512
1.078808069229126
1.0076382160186768
0.9876425266265869
1.1345136165618896
1.0348169803619385
1.0500798225402832
1.0620958805084229
0.949810266494751
0.9874744415283203
0.9327249526977539
0.9648373126983643
1.0411293506622314
0.9928302764892578
1.0446324348449707
1.0493974685668945
1.0131869316101074
1.0411949157714844
0.8855459690093994
0.8622095584869385
0.9419753551483154
0.9403252601623535
0.9207818508148193
0.9107787609100342
0.9660983085632324
1.0068027973175049
0.8923647403717041
1.0285542011260986
1.0375046730041504
0.9795453548431396
1.088679552078247
1.045041799545288
1.1202893257141113
1.0984160900115967
1.1428163051605225
1.0945634841918945
1.0527362823486328
1.118722677230835
1.1010220050811768
1.1707816123962402
1.1160132884979248
1.0372633934020996
1.0575833320617676
0.9924321174621582
0.8248486518859863
0.8749971389770508
0.7995681762695312
0.8106169700622559
0.7778635025024414
0.7760937213897705
0.8000211715698242
0.8694870471954346
1.054762601852417
1.0735201835632324
1.0622296333312988
1.0438785552978516
0.9887609481811523
1.0690581798553467
1.0542325973510742
1.065075159072876
1.1351490020751953
1.0399811267852783
1.0590035915374756
1.024205207824707
0.9467060565948486
0.9220659732818604
0.9051048755645752
0.9787323474884033
0.9954242706298828
0.969743013381958
0.9026162624359131
1.0216290950775146
0.9912409782409668
0.9371693134307861
0.9565794467926025
0.9709887504577637
0.9760184288024902
0.9943404197692871
1.0101337432861328
0.9247643947601318
0.8379535675048828
0.9278907775878906
0.9682257175445557
1.0228028297424316
1.042616844177246
1.043287992477417
0.934417724609375
1.0570118427276611
1.0225584506988525
1.0524554252624512
1.0263147354125977
0.9424154758453369
0.9316327571868896
0.9581282138824463
0.9955532550811768
1.0208258628845215
0.9490387439727783
0.9763917922973633
0.9626941680908203
0.9791409969329834
0.9885239601135254
0.9534201622009277
0.912384033203125
0.8281135559082031
0.8095202445983887
0.6490535736083984
0.7215147018432617
0.6920173168182373
0.6979470252990723
0.41552257537841797
