109845
35200
24464
22206
48852
733893
716418
607237
504791
730558
925000
804378
611583
678580
691630
513037
512403
525310
483308
472880
393081
444522
703414
543660
487755
383491
435655
569722
537203
668856
576099
708080
603344
570728
591935
682765
646984
614007
578463
520153
483771
581629
620725
506117
599659
514186
505494
686575
713758
656441
739915
709137
750625
348186
695411
799455
774384
746310
901046
1204642
1471562
1198657
1096879
1380252
1268236
1104811
1171403
1558867
1325927
1269705
1476849
1410808
1277716
1284813
1448374
1750018
1856706
1433426
1298096
1333111
1419642
1581187
1498291
1685976
1343596
1133160
976135
624448
623716
795640
809595
737615
855061
836300
1238500
849421
1107641
1205172
1029217
1513028
1561037
1454806
1830881
1958216
1562948
1678724
1448880
1498641
1715373
1648388
1668376
1492411
966618
480382
523873
503807
458392
474435
502390
462011
783838
1104319
1122888
1180172
1300754
1016569
1092869
1163480
1271187
1300484
1080214
1093543
976702
678002
555764
650083
774385
857918
721642
629740
1126330
893885
649354
721346
1148444
1021866
1053884
877196
598486
452020
669376
931844
1064664
1207720
1129295
885803
1034402
1076420
1215016
1011118
767191
632224
717379
908911
930159
684229
619426
570800
495911
806795
768202
790239
458098
202112
157857
23608
56379
118497
27719
